This is pdfTeX, Version 3.141592653-2.6-1.40.22 (TeX Live 2021) (preloaded format=pdflatex 2021.4.26)  25 MAY 2021 22:07
entering extended mode
 restricted \write18 enabled.
 file:line:error style messages enabled.
 %&-line parsing enabled.
**SSA-SPV_results_summary.tex
(./SSA-SPV_results_summary.tex
LaTeX2e <2020-10-01> patch level 4
L3 programming layer <2021-02-18>
(/usr/local/texlive/2021/texmf-dist/tex/latex/base/article.cls
Document Class: article 2020/04/10 v1.4m Standard LaTeX document class
(/usr/local/texlive/2021/texmf-dist/tex/latex/base/size10.clo
File: size10.clo 2020/04/10 v1.4m Standard LaTeX file (size option)
)
\c@part=\count179
\c@section=\count180
\c@subsection=\count181
\c@subsubsection=\count182
\c@paragraph=\count183
\c@subparagraph=\count184
\c@figure=\count185
\c@table=\count186
\abovecaptionskip=\skip47
\belowcaptionskip=\skip48
\bibindent=\dimen138
)
(/usr/local/texlive/2021/texmf-dist/tex/latex/mhchem/mhchem.sty
Package: mhchem 2018/06/22 v4.08 for typesetting chemical formulae

(/usr/local/texlive/2021/texmf-dist/tex/latex/l3kernel/expl3.sty
Package: expl3 2021-02-18 L3 programming layer (loader) 

(/usr/local/texlive/2021/texmf-dist/tex/latex/l3backend/l3backend-pdftex.def
File: l3backend-pdftex.def 2021-03-18 L3 backend support: PDF output (pdfTeX)
\l__color_backend_stack_int=\count187
\l__pdf_internal_box=\box47
))
(/usr/local/texlive/2021/texmf-dist/tex/latex/l3packages/l3keys2e/l3keys2e.sty
Package: l3keys2e 2021-03-12 LaTeX2e option processing using LaTeX3 keys
) (/usr/local/texlive/2021/texmf-dist/tex/latex/tools/calc.sty
Package: calc 2017/05/25 v4.3 Infix arithmetic (KKT,FJ)
\calc@Acount=\count188
\calc@Bcount=\count189
\calc@Adimen=\dimen139
\calc@Bdimen=\dimen140
\calc@Askip=\skip49
\calc@Bskip=\skip50
LaTeX Info: Redefining \setlength on input line 80.
LaTeX Info: Redefining \addtolength on input line 81.
\calc@Ccount=\count190
\calc@Cskip=\skip51
)
(/usr/local/texlive/2021/texmf-dist/tex/latex/amsmath/amsmath.sty
Package: amsmath 2020/09/23 v2.17i AMS math features
\@mathmargin=\skip52

For additional information on amsmath, use the `?' option.
(/usr/local/texlive/2021/texmf-dist/tex/latex/amsmath/amstext.sty
Package: amstext 2000/06/29 v2.01 AMS text

(/usr/local/texlive/2021/texmf-dist/tex/latex/amsmath/amsgen.sty
File: amsgen.sty 1999/11/30 v2.0 generic functions
\@emptytoks=\toks15
\ex@=\dimen141
))
(/usr/local/texlive/2021/texmf-dist/tex/latex/amsmath/amsbsy.sty
Package: amsbsy 1999/11/29 v1.2d Bold Symbols
\pmbraise@=\dimen142
)
(/usr/local/texlive/2021/texmf-dist/tex/latex/amsmath/amsopn.sty
Package: amsopn 2016/03/08 v2.02 operator names
)
\inf@bad=\count191
LaTeX Info: Redefining \frac on input line 234.
\uproot@=\count192
\leftroot@=\count193
LaTeX Info: Redefining \overline on input line 399.
\classnum@=\count194
\DOTSCASE@=\count195
LaTeX Info: Redefining \ldots on input line 496.
LaTeX Info: Redefining \dots on input line 499.
LaTeX Info: Redefining \cdots on input line 620.
\Mathstrutbox@=\box48
\strutbox@=\box49
\big@size=\dimen143
LaTeX Font Info:    Redeclaring font encoding OML on input line 743.
LaTeX Font Info:    Redeclaring font encoding OMS on input line 744.
\macc@depth=\count196
\c@MaxMatrixCols=\count197
\dotsspace@=\muskip16
\c@parentequation=\count198
\dspbrk@lvl=\count199
\tag@help=\toks16
\row@=\count266
\column@=\count267
\maxfields@=\count268
\andhelp@=\toks17
\eqnshift@=\dimen144
\alignsep@=\dimen145
\tagshift@=\dimen146
\tagwidth@=\dimen147
\totwidth@=\dimen148
\lineht@=\dimen149
\@envbody=\toks18
\multlinegap=\skip53
\multlinetaggap=\skip54
\mathdisplay@stack=\toks19
LaTeX Info: Redefining \[ on input line 2923.
LaTeX Info: Redefining \] on input line 2924.
)
(/usr/local/texlive/2021/texmf-dist/tex/latex/chemgreek/chemgreek.sty
(/usr/local/texlive/2021/texmf-dist/tex/latex/l3packages/xparse/xparse.sty
(/usr/local/texlive/2021/texmf-dist/tex/latex/l3packages/xparse/xparse-2020-10-
01.sty
(/usr/local/texlive/2021/texmf-dist/tex/latex/l3packages/xparse/xparse-generic.
tex)))
Package: chemgreek 2020/01/16 v1.1a interface for upright Greek letters for use
 in chemistry (CN)
\l__chemgreek_tmpa_int=\count269
\g__chemgreek_tmpa_int=\count270
) (/usr/local/texlive/2021/texmf-dist/tex/latex/graphics/graphics.sty
Package: graphics 2020/08/30 v1.4c Standard LaTeX Graphics (DPC,SPQR)

(/usr/local/texlive/2021/texmf-dist/tex/latex/graphics/trig.sty
Package: trig 2016/01/03 v1.10 sin cos tan (DPC)
)
(/usr/local/texlive/2021/texmf-dist/tex/latex/graphics-cfg/graphics.cfg
File: graphics.cfg 2016/06/04 v1.11 sample graphics configuration
)
Package graphics Info: Driver file: pdftex.def on input line 105.

(/usr/local/texlive/2021/texmf-dist/tex/latex/graphics-def/pdftex.def
File: pdftex.def 2020/10/05 v1.2a Graphics/color driver for pdftex
))
\l__mhchem_ce_distanceFromLastComma_int=\count271
\__mhchem_arrow_extPgfLength_skip=\skip55
\mhchem@minispace@tmp=\skip56
\mhchem@minibackspace@tmp=\skip57
\mhchem@bondwidth=\skip58
\mhchem@bondheight=\skip59
\mhchem@smallbondwidth@tmpA=\skip60
\mhchem@smallbondwidth@tmpB=\skip61
\mhchem@smallbondwidth=\skip62
\mhchem@bondtmp@minussidebearingleft=\skip63
\mhchem@bondtmp@minussidebearingright=\skip64
\l__mhchem_option_version_int=\count272
\mhchem@option@minusmathsidebearingleft=\dimen150
\mhchem@option@minusmathsidebearingright=\dimen151
\mhchem@option@minustextsidebearingleft=\dimen152
\mhchem@option@minustextsidebearingright=\dimen153
)
(/usr/local/texlive/2021/texmf-dist/tex/latex/siunitx/siunitx.sty
Package: siunitx 2020/02/25 v2.8b A comprehensive (SI) units package

(/usr/local/texlive/2021/texmf-dist/tex/latex/tools/array.sty
Package: array 2020/10/01 v2.5c Tabular extension package (FMi)
\col@sep=\dimen154
\ar@mcellbox=\box50
\extrarowheight=\dimen155
\NC@list=\toks20
\extratabsurround=\skip65
\backup@length=\skip66
\ar@cellbox=\box51
)
\l__siunitx_tmp_box=\box52
\l__siunitx_tmp_dim=\dimen156
\l__siunitx_tmp_int=\count273
\l__siunitx_number_mantissa_length_int=\count274
\l__siunitx_number_uncert_length_int=\count275
\l__siunitx_round_int=\count276
\l__siunitx_process_decimal_int=\count277
\l__siunitx_process_uncertainty_int=\count278
\l__siunitx_process_fixed_int=\count279
\l__siunitx_process_integer_min_int=\count280
\l__siunitx_process_precision_int=\count281
\l__siunitx_group_min_int=\count282
\l__siunitx_angle_marker_box=\box53
\l__siunitx_angle_unit_box=\box54
\l__siunitx_angle_marker_dim=\dimen157
\l__siunitx_angle_unit_dim=\dimen158
\l__siunitx_unit_int=\count283
\l__siunitx_unit_denominator_int=\count284
\l__siunitx_unit_numerator_int=\count285
\l__siunitx_unit_prefix_int=\count286
\l__siunitx_unit_prefix_base_int=\count287
\l__siunitx_unit_prefix_gram_int=\count288
\l__siunitx_number_product_int=\count289
\c__siunitx_one_fill_skip=\skip67
\l__siunitx_table_unit_align_skip=\skip68
\l__siunitx_table_exponent_dim=\dimen159
\l__siunitx_table_integer_dim=\dimen160
\l__siunitx_table_mantissa_dim=\dimen161
\l__siunitx_table_marker_dim=\dimen162
\l__siunitx_table_result_dim=\dimen163
\l__siunitx_table_uncert_dim=\dimen164
\l__siunitx_table_fill_pre_dim=\dimen165
\l__siunitx_table_fill_post_dim=\dimen166
\l__siunitx_table_fill_mid_dim=\dimen167
\l__siunitx_table_pre_box=\box55
\l__siunitx_table_post_box=\box56
\l__siunitx_table_mantissa_box=\box57
\l__siunitx_table_result_box=\box58
\l__siunitx_table_number_align_skip=\skip69
\l__siunitx_table_text_align_skip=\skip70

(/usr/local/texlive/2021/texmf-dist/tex/latex/translator/translator.sty
Package: translator 2020-08-03 v1.12c Easy translation of strings in LaTeX

(/usr/local/texlive/2021/texmf-dist/tex/latex/graphics/keyval.sty
Package: keyval 2014/10/28 v1.15 key=value parser (DPC)
\KV@toks@=\toks21
)))
(/usr/local/texlive/2021/texmf-dist/tex/latex/graphics/graphicx.sty
Package: graphicx 2020/09/09 v1.2b Enhanced LaTeX Graphics (DPC,SPQR)
\Gin@req@height=\dimen168
\Gin@req@width=\dimen169
)
(/usr/local/texlive/2021/texmf-dist/tex/latex/natbib/natbib.sty
Package: natbib 2010/09/13 8.31b (PWD, AO)
\bibhang=\skip71
\bibsep=\skip72
LaTeX Info: Redefining \cite on input line 694.
\c@NAT@ctr=\count290
)
(/usr/local/texlive/2021/texmf-dist/tex/latex/pdfpages/pdfpages.sty
Package: pdfpages 2021/03/06 v0.5t Insert pages of external PDF documents (AM)

(/usr/local/texlive/2021/texmf-dist/tex/latex/base/ifthen.sty
Package: ifthen 2014/09/29 v1.1c Standard LaTeX ifthen package (DPC)
)
(/usr/local/texlive/2021/texmf-dist/tex/latex/eso-pic/eso-pic.sty
Package: eso-pic 2020/10/14 v3.0a eso-pic (RN)
\ESO@tempdima=\dimen170
\ESO@tempdimb=\dimen171

(/usr/local/texlive/2021/texmf-dist/tex/latex/xcolor/xcolor.sty
Package: xcolor 2016/05/11 v2.12 LaTeX color extensions (UK)

(/usr/local/texlive/2021/texmf-dist/tex/latex/graphics-cfg/color.cfg
File: color.cfg 2016/01/02 v1.6 sample color configuration
)
Package xcolor Info: Driver file: pdftex.def on input line 225.
Package xcolor Info: Model `cmy' substituted by `cmy0' on input line 1348.
Package xcolor Info: Model `hsb' substituted by `rgb' on input line 1352.
Package xcolor Info: Model `RGB' extended on input line 1364.
Package xcolor Info: Model `HTML' substituted by `rgb' on input line 1366.
Package xcolor Info: Model `Hsb' substituted by `hsb' on input line 1367.
Package xcolor Info: Model `tHsb' substituted by `hsb' on input line 1368.
Package xcolor Info: Model `HSB' substituted by `hsb' on input line 1369.
Package xcolor Info: Model `Gray' substituted by `gray' on input line 1370.
Package xcolor Info: Model `wave' substituted by `hsb' on input line 1371.
))
\AM@pagewidth=\dimen172
\AM@pageheight=\dimen173
\AM@fboxrule=\dimen174

(/usr/local/texlive/2021/texmf-dist/tex/latex/pdfpages/pppdftex.def
File: pppdftex.def 2021/03/06 v0.5t Pdfpages driver for pdfTeX (AM)
)
\pdfpages@includegraphics@status=\count291
\AM@pagebox=\box59
\AM@global@opts=\toks22
\AM@pagecnt=\count292
\AM@toc@title=\toks23
\c@AM@survey=\count293
\AM@templatesizebox=\box60
)
(./SSA-SPV_results_summary.aux)
\openout1 = `SSA-SPV_results_summary.aux'.

LaTeX Font Info:    Checking defaults for OML/cmm/m/it on input line 50.
LaTeX Font Info:    ... okay on input line 50.
LaTeX Font Info:    Checking defaults for OMS/cmsy/m/n on input line 50.
LaTeX Font Info:    ... okay on input line 50.
LaTeX Font Info:    Checking defaults for OT1/cmr/m/n on input line 50.
LaTeX Font Info:    ... okay on input line 50.
LaTeX Font Info:    Checking defaults for T1/cmr/m/n on input line 50.
LaTeX Font Info:    ... okay on input line 50.
LaTeX Font Info:    Checking defaults for TS1/cmr/m/n on input line 50.
LaTeX Font Info:    ... okay on input line 50.
LaTeX Font Info:    Checking defaults for OMX/cmex/m/n on input line 50.
LaTeX Font Info:    ... okay on input line 50.
LaTeX Font Info:    Checking defaults for U/cmr/m/n on input line 50.
LaTeX Font Info:    ... okay on input line 50.

Package chemgreek Info: Activating mapping `default' on line 50.


(/usr/local/texlive/2021/texmf-dist/tex/context/base/mkii/supp-pdf.mkii
[Loading MPS to PDF converter (version 2006.09.02).]
\scratchcounter=\count294
\scratchdimen=\dimen175
\scratchbox=\box61
\nofMPsegments=\count295
\nofMParguments=\count296
\everyMPshowfont=\toks24
\MPscratchCnt=\count297
\MPscratchDim=\dimen176
\MPnumerator=\count298
\makeMPintoPDFobject=\count299
\everyMPtoPDFconversion=\toks25
) (/usr/local/texlive/2021/texmf-dist/tex/latex/epstopdf-pkg/epstopdf-base.sty
Package: epstopdf-base 2020-01-24 v2.11 Base part for package epstopdf
Package epstopdf-base Info: Redefining graphics rule for `.eps' on input line 4
85.

(/usr/local/texlive/2021/texmf-dist/tex/latex/latexconfig/epstopdf-sys.cfg
File: epstopdf-sys.cfg 2010/07/13 v1.3 Configuration of (r)epstopdf for TeX Liv
e
))
(/usr/local/texlive/2021/texmf-dist/tex/latex/siunitx/siunitx-abbreviations.cfg
File: siunitx-abbreviations.cfg 2017/11/26 v2.7k siunitx: Abbreviated units
)
(/usr/local/texlive/2021/texmf-dist/tex/latex/translator/translator-basic-dicti
onary-English.dict
Dictionary: translator-basic-dictionary, Language: English 
)
(/usr/local/texlive/2021/texmf-dist/tex/latex/pdflscape/pdflscape.sty
Package: pdflscape 2019/12/05 v0.12 Display of landscape pages in PDF (HO)

(/usr/local/texlive/2021/texmf-dist/tex/generic/iftex/iftex.sty
Package: iftex 2020/03/06 v1.0d TeX engine tests
)
(/usr/local/texlive/2021/texmf-dist/tex/latex/graphics/lscape.sty
Package: lscape 2020/05/28 v3.02 Landscape Pages (DPC)
)
Package pdflscape Info: Auto-detected driver: pdftex on input line 81.
)
<../images/SSA-SPV-kcluster-1gamma-2_deg_1e-06_gap_statsMC1000.png, id=1, 449.8
8075pt x 593.3367pt>
File: ../images/SSA-SPV-kcluster-1gamma-2_deg_1e-06_gap_statsMC1000.png Graphic
 file (type png)
<use ../images/SSA-SPV-kcluster-1gamma-2_deg_1e-06_gap_statsMC1000.png>
Package pdftex.def Info: ../images/SSA-SPV-kcluster-1gamma-2_deg_1e-06_gap_stat
sMC1000.png  used on input line 70.
(pdftex.def)             Requested size: 155.24895pt x 204.7557pt.
 [1

{/usr/local/texlive/2021/texmf-var/fonts/map/pdftex/updmap/pdftex.map} <../imag
es/SSA-SPV-kcluster-1gamma-2_deg_1e-06_gap_statsMC1000.png>]
<../results/k-cluster1/1-kcluster_incidence_w+bFeb28.pdf, id=16, 2168.1pt x 108
4.05pt>
File: ../results/k-cluster1/1-kcluster_incidence_w+bFeb28.pdf Graphic file (typ
e pdf)
<use ../results/k-cluster1/1-kcluster_incidence_w+bFeb28.pdf>
Package pdftex.def Info: ../results/k-cluster1/1-kcluster_incidence_w+bFeb28.pd
f  used on input line 121.
(pdftex.def)             Requested size: 327.74895pt x 163.87416pt.
<../results/k-cluster1/1-kcluster_rarefaction-iNEXT_Feb28.pdf, id=17, 1084.05pt
 x 1084.05pt>
File: ../results/k-cluster1/1-kcluster_rarefaction-iNEXT_Feb28.pdf Graphic file
 (type pdf)
<use ../results/k-cluster1/1-kcluster_rarefaction-iNEXT_Feb28.pdf>
Package pdftex.def Info: ../results/k-cluster1/1-kcluster_rarefaction-iNEXT_Feb
28.pdf  used on input line 131.
(pdftex.def)             Requested size: 258.75pt x 258.73822pt.


LaTeX Warning: `!h' float specifier changed to `!ht'.

<../results/k-cluster1/1-kcluster_bipartitenetwork_Feb28.pdf, id=18, 1084.05pt 
x 1084.05pt>
File: ../results/k-cluster1/1-kcluster_bipartitenetwork_Feb28.pdf Graphic file 
(type pdf)
<use ../results/k-cluster1/1-kcluster_bipartitenetwork_Feb28.pdf>
Package pdftex.def Info: ../results/k-cluster1/1-kcluster_bipartitenetwork_Feb2
8.pdf  used on input line 141.
(pdftex.def)             Requested size: 258.75pt x 258.73822pt.

LaTeX Warning: `!h' float specifier changed to `!ht'.

<../results/k-cluster1/1-kcluster_bipartitenetwork-kk_Feb28.pdf, id=19, 1084.05
pt x 1084.05pt>
File: ../results/k-cluster1/1-kcluster_bipartitenetwork-kk_Feb28.pdf Graphic fi
le (type pdf)
<use ../results/k-cluster1/1-kcluster_bipartitenetwork-kk_Feb28.pdf>
Package pdftex.def Info: ../results/k-cluster1/1-kcluster_bipartitenetwork-kk_F
eb28.pdf  used on input line 152.
(pdftex.def)             Requested size: 293.2521pt x 293.24327pt.
[2 <../results/k-cluster1/1-kcluster_incidence_w+bFeb28.pdf>]

LaTeX Warning: `!h' float specifier changed to `!ht'.

<../results/k-cluster2/2-kcluster_incidence_w+bFeb28.pdf, id=28, 2168.1pt x 108
4.05pt>
File: ../results/k-cluster2/2-kcluster_incidence_w+bFeb28.pdf Graphic file (typ
e pdf)
<use ../results/k-cluster2/2-kcluster_incidence_w+bFeb28.pdf>
Package pdftex.def Info: ../results/k-cluster2/2-kcluster_incidence_w+bFeb28.pd
f  used on input line 162.
(pdftex.def)             Requested size: 327.74895pt x 163.87416pt.

LaTeX Warning: `!h' float specifier changed to `!ht'.

<../results/k-cluster2/2-kcluster_rarefaction-iNEXT_Feb28.pdf, id=29, 1084.05pt
 x 1084.05pt>
File: ../results/k-cluster2/2-kcluster_rarefaction-iNEXT_Feb28.pdf Graphic file
 (type pdf)
<use ../results/k-cluster2/2-kcluster_rarefaction-iNEXT_Feb28.pdf>
Package pdftex.def Info: ../results/k-cluster2/2-kcluster_rarefaction-iNEXT_Feb
28.pdf  used on input line 171.
(pdftex.def)             Requested size: 258.75pt x 258.73822pt.

LaTeX Warning: `!h' float specifier changed to `!ht'.

<../results/k-cluster2/2-kcluster_bipartitenetwork_Feb28.pdf, id=30, 1084.05pt 
x 1084.05pt>
File: ../results/k-cluster2/2-kcluster_bipartitenetwork_Feb28.pdf Graphic file 
(type pdf)
<use ../results/k-cluster2/2-kcluster_bipartitenetwork_Feb28.pdf>
Package pdftex.def Info: ../results/k-cluster2/2-kcluster_bipartitenetwork_Feb2
8.pdf  used on input line 180.
(pdftex.def)             Requested size: 258.75pt x 258.73822pt.

LaTeX Warning: `!h' float specifier changed to `!ht'.

<../results/k-cluster2/2-kcluster_bipartitenetwork-kk_Feb28.pdf, id=31, 1084.05
pt x 1084.05pt>
File: ../results/k-cluster2/2-kcluster_bipartitenetwork-kk_Feb28.pdf Graphic fi
le (type pdf)
<use ../results/k-cluster2/2-kcluster_bipartitenetwork-kk_Feb28.pdf>
Package pdftex.def Info: ../results/k-cluster2/2-kcluster_bipartitenetwork-kk_F
eb28.pdf  used on input line 190.
(pdftex.def)             Requested size: 293.2521pt x 293.24327pt.

LaTeX Warning: `!h' float specifier changed to `!ht'.

<../results/k-cluster3/3-kcluster_incidence_w+bFeb28.pdf, id=32, 2168.1pt x 108
4.05pt>
File: ../results/k-cluster3/3-kcluster_incidence_w+bFeb28.pdf Graphic file (typ
e pdf)
<use ../results/k-cluster3/3-kcluster_incidence_w+bFeb28.pdf>
Package pdftex.def Info: ../results/k-cluster3/3-kcluster_incidence_w+bFeb28.pd
f  used on input line 200.
(pdftex.def)             Requested size: 327.74895pt x 163.87416pt.

LaTeX Warning: `!h' float specifier changed to `!ht'.

<../results/k-cluster3/3-kcluster_rarefaction-iNEXT_Feb28.pdf, id=33, 1084.05pt
 x 1084.05pt>
File: ../results/k-cluster3/3-kcluster_rarefaction-iNEXT_Feb28.pdf Graphic file
 (type pdf)
<use ../results/k-cluster3/3-kcluster_rarefaction-iNEXT_Feb28.pdf>
Package pdftex.def Info: ../results/k-cluster3/3-kcluster_rarefaction-iNEXT_Feb
28.pdf  used on input line 209.
(pdftex.def)             Requested size: 258.75pt x 258.73822pt.

LaTeX Warning: `!h' float specifier changed to `!ht'.

<../results/k-cluster3/3-kcluster_bipartitenetwork_Feb28.pdf, id=34, 1084.05pt 
x 1084.05pt>
File: ../results/k-cluster3/3-kcluster_bipartitenetwork_Feb28.pdf Graphic file 
(type pdf)
<use ../results/k-cluster3/3-kcluster_bipartitenetwork_Feb28.pdf>
Package pdftex.def Info: ../results/k-cluster3/3-kcluster_bipartitenetwork_Feb2
8.pdf  used on input line 218.
(pdftex.def)             Requested size: 258.75pt x 258.73822pt.

LaTeX Warning: `!h' float specifier changed to `!ht'.

File: ../results/k-cluster1/1-kcluster_bipartitenetwork-kk_Feb28.pdf Graphic fi
le (type pdf)
<use ../results/k-cluster1/1-kcluster_bipartitenetwork-kk_Feb28.pdf>
Package pdftex.def Info: ../results/k-cluster1/1-kcluster_bipartitenetwork-kk_F
eb28.pdf  used on input line 228.
(pdftex.def)             Requested size: 293.2521pt x 293.24327pt.

LaTeX Warning: `!h' float specifier changed to `!ht'.

<../results/k-cluster4/4-kcluster_incidence_w+bFeb28.pdf, id=35, 2168.1pt x 108
4.05pt>
File: ../results/k-cluster4/4-kcluster_incidence_w+bFeb28.pdf Graphic file (typ
e pdf)
<use ../results/k-cluster4/4-kcluster_incidence_w+bFeb28.pdf>
Package pdftex.def Info: ../results/k-cluster4/4-kcluster_incidence_w+bFeb28.pd
f  used on input line 238.
(pdftex.def)             Requested size: 327.74895pt x 163.87416pt.

LaTeX Warning: `!h' float specifier changed to `!ht'.

<../results/k-cluster4/4-kcluster_rarefaction-iNEXT_Feb28.pdf, id=36, 1084.05pt
 x 1084.05pt>
File: ../results/k-cluster4/4-kcluster_rarefaction-iNEXT_Feb28.pdf Graphic file
 (type pdf)
<use ../results/k-cluster4/4-kcluster_rarefaction-iNEXT_Feb28.pdf>
Package pdftex.def Info: ../results/k-cluster4/4-kcluster_rarefaction-iNEXT_Feb
28.pdf  used on input line 247.
(pdftex.def)             Requested size: 258.75pt x 258.73822pt.

LaTeX Warning: `!h' float specifier changed to `!ht'.

<../results/k-cluster4/4-kcluster_bipartitenetwork_Feb28.pdf, id=37, 1084.05pt 
x 1084.05pt>
File: ../results/k-cluster4/4-kcluster_bipartitenetwork_Feb28.pdf Graphic file 
(type pdf)
<use ../results/k-cluster4/4-kcluster_bipartitenetwork_Feb28.pdf>
Package pdftex.def Info: ../results/k-cluster4/4-kcluster_bipartitenetwork_Feb2
8.pdf  used on input line 256.
(pdftex.def)             Requested size: 258.75pt x 258.73822pt.

LaTeX Warning: `!h' float specifier changed to `!ht'.

<../results/k-cluster4/4-kcluster_bipartitenetwork-kk_Feb28.pdf, id=38, 1084.05
pt x 1084.05pt>
File: ../results/k-cluster4/4-kcluster_bipartitenetwork-kk_Feb28.pdf Graphic fi
le (type pdf)
<use ../results/k-cluster4/4-kcluster_bipartitenetwork-kk_Feb28.pdf>
Package pdftex.def Info: ../results/k-cluster4/4-kcluster_bipartitenetwork-kk_F
eb28.pdf  used on input line 266.
(pdftex.def)             Requested size: 293.2521pt x 293.24327pt.

LaTeX Warning: `!h' float specifier changed to `!ht'.

<../results/k-cluster5/5-kcluster_incidence_w+bFeb28.pdf, id=39, 2168.1pt x 108
4.05pt>
File: ../results/k-cluster5/5-kcluster_incidence_w+bFeb28.pdf Graphic file (typ
e pdf)
<use ../results/k-cluster5/5-kcluster_incidence_w+bFeb28.pdf>
Package pdftex.def Info: ../results/k-cluster5/5-kcluster_incidence_w+bFeb28.pd
f  used on input line 276.
(pdftex.def)             Requested size: 327.74895pt x 163.87416pt.

LaTeX Warning: `!h' float specifier changed to `!ht'.

<../results/k-cluster5/5-kcluster_rarefaction-iNEXT_Feb28.pdf, id=40, 1084.05pt
 x 1084.05pt>
File: ../results/k-cluster5/5-kcluster_rarefaction-iNEXT_Feb28.pdf Graphic file
 (type pdf)
<use ../results/k-cluster5/5-kcluster_rarefaction-iNEXT_Feb28.pdf>
Package pdftex.def Info: ../results/k-cluster5/5-kcluster_rarefaction-iNEXT_Feb
28.pdf  used on input line 285.
(pdftex.def)             Requested size: 258.75pt x 258.73822pt.

LaTeX Warning: `!h' float specifier changed to `!ht'.

<../results/k-cluster5/5-kcluster_bipartitenetwork_Feb28.pdf, id=41, 1084.05pt 
x 1084.05pt>
File: ../results/k-cluster5/5-kcluster_bipartitenetwork_Feb28.pdf Graphic file 
(type pdf)
<use ../results/k-cluster5/5-kcluster_bipartitenetwork_Feb28.pdf>
Package pdftex.def Info: ../results/k-cluster5/5-kcluster_bipartitenetwork_Feb2
8.pdf  used on input line 294.
(pdftex.def)             Requested size: 258.75pt x 258.73822pt.

LaTeX Warning: `!h' float specifier changed to `!ht'.

<../results/k-cluster5/5-kcluster_bipartitenetwork-kk_Feb28.pdf, id=42, 1084.05
pt x 1084.05pt>
File: ../results/k-cluster5/5-kcluster_bipartitenetwork-kk_Feb28.pdf Graphic fi
le (type pdf)
<use ../results/k-cluster5/5-kcluster_bipartitenetwork-kk_Feb28.pdf>
Package pdftex.def Info: ../results/k-cluster5/5-kcluster_bipartitenetwork-kk_F
eb28.pdf  used on input line 304.
(pdftex.def)             Requested size: 293.2521pt x 293.24327pt.

LaTeX Warning: `!h' float specifier changed to `!ht'.

<../results/k-cluster6/6-kcluster_incidence_w+bFeb28.pdf, id=43, 2168.1pt x 108
4.05pt>
File: ../results/k-cluster6/6-kcluster_incidence_w+bFeb28.pdf Graphic file (typ
e pdf)
<use ../results/k-cluster6/6-kcluster_incidence_w+bFeb28.pdf>
Package pdftex.def Info: ../results/k-cluster6/6-kcluster_incidence_w+bFeb28.pd
f  used on input line 314.
(pdftex.def)             Requested size: 327.74895pt x 163.87416pt.

LaTeX Warning: `!h' float specifier changed to `!ht'.

<../results/k-cluster6/6-kcluster_rarefaction-iNEXT_Feb28.pdf, id=44, 1084.05pt
 x 1084.05pt>
File: ../results/k-cluster6/6-kcluster_rarefaction-iNEXT_Feb28.pdf Graphic file
 (type pdf)
<use ../results/k-cluster6/6-kcluster_rarefaction-iNEXT_Feb28.pdf>
Package pdftex.def Info: ../results/k-cluster6/6-kcluster_rarefaction-iNEXT_Feb
28.pdf  used on input line 323.
(pdftex.def)             Requested size: 258.75pt x 258.73822pt.

LaTeX Warning: `!h' float specifier changed to `!ht'.

<../results/k-cluster6/6-kcluster_bipartitenetwork_Feb28.pdf, id=45, 1084.05pt 
x 1084.05pt>
File: ../results/k-cluster6/6-kcluster_bipartitenetwork_Feb28.pdf Graphic file 
(type pdf)
<use ../results/k-cluster6/6-kcluster_bipartitenetwork_Feb28.pdf>
Package pdftex.def Info: ../results/k-cluster6/6-kcluster_bipartitenetwork_Feb2
8.pdf  used on input line 332.
(pdftex.def)             Requested size: 258.75pt x 258.73822pt.

LaTeX Warning: `!h' float specifier changed to `!ht'.

<../results/k-cluster6/6-kcluster_bipartitenetwork-kk_Feb28.pdf, id=46, 1084.05
pt x 1084.05pt>
File: ../results/k-cluster6/6-kcluster_bipartitenetwork-kk_Feb28.pdf Graphic fi
le (type pdf)
<use ../results/k-cluster6/6-kcluster_bipartitenetwork-kk_Feb28.pdf>
Package pdftex.def Info: ../results/k-cluster6/6-kcluster_bipartitenetwork-kk_F
eb28.pdf  used on input line 342.
(pdftex.def)             Requested size: 293.2521pt x 293.24327pt.

LaTeX Warning: `!h' float specifier changed to `!ht'.

<../results/k-cluster7/7-kcluster_incidence_w+bFeb28.pdf, id=47, 2168.1pt x 108
4.05pt>
File: ../results/k-cluster7/7-kcluster_incidence_w+bFeb28.pdf Graphic file (typ
e pdf)
<use ../results/k-cluster7/7-kcluster_incidence_w+bFeb28.pdf>
Package pdftex.def Info: ../results/k-cluster7/7-kcluster_incidence_w+bFeb28.pd
f  used on input line 352.
(pdftex.def)             Requested size: 327.74895pt x 163.87416pt.

LaTeX Warning: `!h' float specifier changed to `!ht'.

<../results/k-cluster7/7-kcluster_rarefaction-iNEXT_Feb28.pdf, id=48, 1084.05pt
 x 1084.05pt>
File: ../results/k-cluster7/7-kcluster_rarefaction-iNEXT_Feb28.pdf Graphic file
 (type pdf)
<use ../results/k-cluster7/7-kcluster_rarefaction-iNEXT_Feb28.pdf>
Package pdftex.def Info: ../results/k-cluster7/7-kcluster_rarefaction-iNEXT_Feb
28.pdf  used on input line 361.
(pdftex.def)             Requested size: 258.75pt x 258.73822pt.

LaTeX Warning: `!h' float specifier changed to `!ht'.

<../results/k-cluster7/7-kcluster_bipartitenetwork_Feb28.pdf, id=49, 1084.05pt 
x 1084.05pt>
File: ../results/k-cluster7/7-kcluster_bipartitenetwork_Feb28.pdf Graphic file 
(type pdf)
<use ../results/k-cluster7/7-kcluster_bipartitenetwork_Feb28.pdf>
Package pdftex.def Info: ../results/k-cluster7/7-kcluster_bipartitenetwork_Feb2
8.pdf  used on input line 370.
(pdftex.def)             Requested size: 258.75pt x 258.73822pt.

LaTeX Warning: `!h' float specifier changed to `!ht'.

<../results/k-cluster7/7-kcluster_bipartitenetwork-kk_Feb28.pdf, id=50, 1084.05
pt x 1084.05pt>
File: ../results/k-cluster7/7-kcluster_bipartitenetwork-kk_Feb28.pdf Graphic fi
le (type pdf)
<use ../results/k-cluster7/7-kcluster_bipartitenetwork-kk_Feb28.pdf>
Package pdftex.def Info: ../results/k-cluster7/7-kcluster_bipartitenetwork-kk_F
eb28.pdf  used on input line 380.
(pdftex.def)             Requested size: 293.2521pt x 293.24327pt.

LaTeX Warning: `!h' float specifier changed to `!ht'.

[3 <../results/k-cluster1/1-kcluster_rarefaction-iNEXT_Feb28.pdf>] [4 <../resul
ts/k-cluster1/1-kcluster_bipartitenetwork_Feb28.pdf>]
<placeholder.jpg, id=72, 351.3125pt x 193.72375pt>
File: placeholder.jpg Graphic file (type jpg)
<use placeholder.jpg>
Package pdftex.def Info: placeholder.jpg  used on input line 412.
(pdftex.def)             Requested size: 224.2479pt x 123.66057pt.


LaTeX Warning: `h' float specifier changed to `ht'.


Package natbib Warning: Citation `Smith:2012qr' on page 5 undefined on input li
ne 423.

[5 <../results/k-cluster1/1-kcluster_bipartitenetwork-kk_Feb28.pdf>]

LaTeX Warning: Text page 6 contains only floats.

[6 <../results/k-cluster2/2-kcluster_incidence_w+bFeb28.pdf> <../results/k-clus
ter2/2-kcluster_rarefaction-iNEXT_Feb28.pdf>] [7 <../results/k-cluster2/2-kclus
ter_bipartitenetwork_Feb28.pdf>]
No file SSA-SPV_results_summary.bbl.

Package natbib Warning: There were undefined citations.

[8 <../results/k-cluster2/2-kcluster_bipartitenetwork-kk_Feb28.pdf>]

LaTeX Warning: Text page 9 contains only floats.

[9 <../results/k-cluster3/3-kcluster_incidence_w+bFeb28.pdf> <../results/k-clus
ter3/3-kcluster_rarefaction-iNEXT_Feb28.pdf>] [10 <../results/k-cluster3/3-kclu
ster_bipartitenetwork_Feb28.pdf>] [11] [12 <../results/k-cluster4/4-kcluster_in
cidence_w+bFeb28.pdf> <../results/k-cluster4/4-kcluster_rarefaction-iNEXT_Feb28
.pdf>] [13 <../results/k-cluster4/4-kcluster_bipartitenetwork_Feb28.pdf>]
[14 <../results/k-cluster4/4-kcluster_bipartitenetwork-kk_Feb28.pdf>] [15 <../r
esults/k-cluster5/5-kcluster_incidence_w+bFeb28.pdf> <../results/k-cluster5/5-k
cluster_rarefaction-iNEXT_Feb28.pdf>] [16 <../results/k-cluster5/5-kcluster_bip
artitenetwork_Feb28.pdf>] [17 <../results/k-cluster5/5-kcluster_bipartitenetwor
k-kk_Feb28.pdf>] [18 <../results/k-cluster6/6-kcluster_incidence_w+bFeb28.pdf> 
<../results/k-cluster6/6-kcluster_rarefaction-iNEXT_Feb28.pdf>] [19 <../results
/k-cluster6/6-kcluster_bipartitenetwork_Feb28.pdf>] [20 <../results/k-cluster6/
6-kcluster_bipartitenetwork-kk_Feb28.pdf>] [21 <../results/k-cluster7/7-kcluste
r_incidence_w+bFeb28.pdf> <../results/k-cluster7/7-kcluster_rarefaction-iNEXT_F
eb28.pdf>] [22 <../results/k-cluster7/7-kcluster_bipartitenetwork_Feb28.pdf>]
[23 <../results/k-cluster7/7-kcluster_bipartitenetwork-kk_Feb28.pdf> <./placeho
lder.jpg>] (./SSA-SPV_results_summary.aux) ) 
Here is how much of TeX's memory you used:
 7010 strings out of 478994
 149152 string characters out of 5858184
 453216 words of memory out of 5000000
 24388 multiletter control sequences out of 15000+600000
 412888 words of font info for 62 fonts, out of 8000000 for 9000
 1141 hyphenation exceptions out of 8191
 85i,13n,88p,675b,833s stack positions out of 5000i,500n,10000p,200000b,80000s
</usr/local/texlive/2021/texmf-dist
/fonts/type1/public/amsfonts/cm/cmbx10.pfb></usr/local/texlive/2021/texmf-dist/
fonts/type1/public/amsfonts/cm/cmbx12.pfb></usr/local/texlive/2021/texmf-dist/f
onts/type1/public/amsfonts/cm/cmbx9.pfb></usr/local/texlive/2021/texmf-dist/fon
ts/type1/public/amsfonts/cm/cmcsc10.pfb></usr/local/texlive/2021/texmf-dist/fon
ts/type1/public/amsfonts/cm/cmmi10.pfb></usr/local/texlive/2021/texmf-dist/font
s/type1/public/amsfonts/cm/cmmi7.pfb></usr/local/texlive/2021/texmf-dist/fonts/
type1/public/amsfonts/cm/cmr10.pfb></usr/local/texlive/2021/texmf-dist/fonts/ty
pe1/public/amsfonts/cm/cmr12.pfb></usr/local/texlive/2021/texmf-dist/fonts/type
1/public/amsfonts/cm/cmr17.pfb></usr/local/texlive/2021/texmf-dist/fonts/type1/
public/amsfonts/cm/cmr7.pfb></usr/local/texlive/2021/texmf-dist/fonts/type1/pub
lic/amsfonts/cm/cmr9.pfb></usr/local/texlive/2021/texmf-dist/fonts/type1/public
/amsfonts/cm/cmsy10.pfb></usr/local/texlive/2021/texmf-dist/fonts/type1/public/
amsfonts/cm/cmsy7.pfb></usr/local/texlive/2021/texmf-dist/fonts/type1/public/am
sfonts/cm/cmti10.pfb>
Output written on SSA-SPV_results_summary.pdf (23 pages, 1554115 bytes).
PDF statistics:
 340 PDF objects out of 1000 (max. 8388607)
 242 compressed objects within 3 object streams
 0 named destinations out of 1000 (max. 500000)
 146 words of extra memory for PDF output out of 10000 (max. 10000000)

